WARNING 2025-07-16 22:43:01,043 log 2116 31648 Bad Request: /base64/
ERROR 2025-07-16 22:43:01,061 log 2116 31648 Internal Server Error: /language/en/
Traceback (most recent call last):
  File "C:\Users\xaohii\anaconda3\Lib\site-packages\django\core\handlers\exception.py", line 55, in inner
    response = get_response(request)
               ^^^^^^^^^^^^^^^^^^^^^
  File "C:\Users\xaohii\anaconda3\Lib\site-packages\django\core\handlers\base.py", line 197, in _get_response
    response = wrapped_callback(request, *callback_args, **callback_kwargs)
               ^^^^^^^^^^^^^^^^^^^^^^^^^^^^^^^^^^^^^^^^^^^^^^^^^^^^^^^^^^^^
  File "C:\Users\xaohii\projects\tool-sites\tools\views.py", line 18, in switch_language
    request.session[translation.LANGUAGE_SESSION_KEY] = language
                    ^^^^^^^^^^^^^^^^^^^^^^^^^^^^^^^^
AttributeError: module 'django.utils.translation' has no attribute 'LANGUAGE_SESSION_KEY'
WARNING 2025-07-16 22:43:52,589 log 39080 31300 Bad Request: /base64/
INFO 2025-07-16 22:53:31,274 autoreload 38352 4312 Watching for file changes with StatReloader
INFO 2025-07-16 22:53:47,020 basehttp 38352 39072 "GET / HTTP/1.1" 200 8754
INFO 2025-07-16 22:53:50,004 basehttp 38352 39072 "POST /i18n/setlang/ HTTP/1.1" 302 0
INFO 2025-07-16 22:53:50,015 basehttp 38352 39072 "GET /en/ HTTP/1.1" 200 8882
INFO 2025-07-16 22:53:51,287 basehttp 38352 39072 "GET /en/unicode/ HTTP/1.1" 200 8210
INFO 2025-07-16 22:53:51,948 basehttp 38352 39072 "GET /en/statistics/ HTTP/1.1" 200 7663
INFO 2025-07-16 22:53:53,507 basehttp 38352 39072 "GET / HTTP/1.1" 200 8754
INFO 2025-07-16 22:53:53,888 basehttp 38352 39072 "GET /base64/ HTTP/1.1" 200 7618
INFO 2025-07-16 22:53:54,355 basehttp 38352 39072 "GET /diff/ HTTP/1.1" 200 11018
INFO 2025-07-16 22:53:54,821 basehttp 38352 39072 "GET /ipgen/ HTTP/1.1" 200 7763
INFO 2025-07-16 22:53:55,196 basehttp 38352 39072 "GET /password/ HTTP/1.1" 200 8111
INFO 2025-07-16 22:53:55,544 basehttp 38352 39072 "GET /uuid/ HTTP/1.1" 200 7973
INFO 2025-07-16 22:53:55,978 basehttp 38352 39072 "GET /unicode/ HTTP/1.1" 200 8163
INFO 2025-07-16 22:54:10,890 basehttp 38352 39072 "GET /statistics/ HTTP/1.1" 200 7625
INFO 2025-07-16 22:55:46,420 basehttp 38352 39072 "GET /uuid/ HTTP/1.1" 200 7973
INFO 2025-07-16 22:55:47,227 basehttp 38352 39072 "POST /uuid/ HTTP/1.1" 200 76
INFO 2025-07-16 22:55:47,376 basehttp 38352 39072 "POST /uuid/ HTTP/1.1" 200 76
INFO 2025-07-16 22:55:47,526 basehttp 38352 39072 "POST /uuid/ HTTP/1.1" 200 76
INFO 2025-07-16 22:55:47,689 basehttp 38352 39072 "POST /uuid/ HTTP/1.1" 200 76
INFO 2025-07-16 22:55:47,834 basehttp 38352 39072 "POST /uuid/ HTTP/1.1" 200 76
INFO 2025-07-16 22:55:47,986 basehttp 38352 39072 "POST /uuid/ HTTP/1.1" 200 76
INFO 2025-07-16 22:55:48,126 basehttp 38352 39072 "POST /uuid/ HTTP/1.1" 200 76
INFO 2025-07-16 22:55:49,793 basehttp 38352 39072 "GET /statistics/ HTTP/1.1" 200 12158
INFO 2025-07-16 22:55:56,419 basehttp 38352 39072 "POST /clear-history/ HTTP/1.1" 200 74
INFO 2025-07-16 22:55:56,427 basehttp 38352 39072 "GET /statistics/ HTTP/1.1" 200 7868
INFO 2025-07-16 22:55:59,456 basehttp 38352 39072 "GET /statistics/ HTTP/1.1" 200 7868
INFO 2025-07-16 22:55:59,607 basehttp 38352 39072 "GET /statistics/ HTTP/1.1" 200 7868
INFO 2025-07-16 22:55:59,789 basehttp 38352 39072 "GET /statistics/ HTTP/1.1" 200 7868
INFO 2025-07-16 23:03:10,332 autoreload 38352 4312 C:\Users\xaohii\projects\tool-sites\tools\urls.py changed, reloading.
INFO 2025-07-16 23:03:10,671 autoreload 16700 32912 Watching for file changes with StatReloader
INFO 2025-07-16 23:04:17,865 autoreload 16700 32912 C:\Users\xaohii\projects\tool-sites\tools\views.py changed, reloading.
INFO 2025-07-16 23:04:18,212 autoreload 40332 6344 Watching for file changes with StatReloader
INFO 2025-07-16 23:04:55,981 autoreload 40332 6344 C:\Users\xaohii\projects\tool-sites\tools\utils.py changed, reloading.
INFO 2025-07-16 23:04:56,308 autoreload 39296 4996 Watching for file changes with StatReloader
INFO 2025-07-16 23:05:14,781 autoreload 39296 4996 C:\Users\xaohii\projects\tool-sites\tools\utils.py changed, reloading.
INFO 2025-07-16 23:05:15,107 autoreload 25316 4920 Watching for file changes with StatReloader
INFO 2025-07-16 23:09:33,016 autoreload 15820 40640 Watching for file changes with StatReloader
INFO 2025-07-16 23:09:36,782 basehttp 25316 4016 "GET / HTTP/1.1" 200 8637
INFO 2025-07-16 23:09:37,908 basehttp 25316 4016 "GET /unicode/ HTTP/1.1" 200 8046
INFO 2025-07-16 23:09:39,476 basehttp 25316 4016 "POST /i18n/setlang/ HTTP/1.1" 302 0
INFO 2025-07-16 23:09:39,483 basehttp 25316 4016 "GET /en/unicode/ HTTP/1.1" 200 8090
INFO 2025-07-16 23:09:40,802 basehttp 25316 4016 "GET /en/password/ HTTP/1.1" 200 8041
INFO 2025-07-16 23:09:41,121 basehttp 25316 4016 "GET /en/ipgen/ HTTP/1.1" 200 7669
INFO 2025-07-16 23:09:41,531 basehttp 25316 4016 "GET /en/timestamp/ HTTP/1.1" 200 9862
INFO 2025-07-16 23:09:41,936 basehttp 25316 4016 "GET /en/diff/ HTTP/1.1" 200 10922
INFO 2025-07-16 23:09:42,827 basehttp 25316 4016 "GET /en/base64/ HTTP/1.1" 200 7524
INFO 2025-07-16 23:09:50,376 basehttp 25316 4016 "GET /en/password/ HTTP/1.1" 200 8041
INFO 2025-07-16 23:09:51,533 basehttp 25316 4016 "POST /en/password/ HTTP/1.1" 200 132
INFO 2025-07-16 23:09:52,042 basehttp 25316 4016 "POST /en/password/ HTTP/1.1" 200 132
INFO 2025-07-16 23:09:52,290 basehttp 25316 4016 "POST /en/password/ HTTP/1.1" 200 132
INFO 2025-07-16 23:09:52,451 basehttp 25316 4016 "POST /en/password/ HTTP/1.1" 200 132
INFO 2025-07-16 23:09:52,597 basehttp 25316 4016 "POST /en/password/ HTTP/1.1" 200 132
INFO 2025-07-16 23:09:52,747 basehttp 25316 4016 "POST /en/password/ HTTP/1.1" 200 132
INFO 2025-07-16 23:09:52,915 basehttp 25316 4016 "POST /en/password/ HTTP/1.1" 200 132
INFO 2025-07-16 23:09:56,557 basehttp 25316 4016 "POST /en/password/ HTTP/1.1" 200 259
INFO 2025-07-16 23:10:00,794 basehttp 25316 4016 "POST /en/password/ HTTP/1.1" 200 1520
INFO 2025-07-16 23:10:10,838 basehttp 25316 4016 "GET /en/base64/ HTTP/1.1" 200 7524
INFO 2025-07-16 23:34:56,569 basehttp 25316 13468 "GET / HTTP/1.1" 200 8673
INFO 2025-07-16 23:35:00,056 basehttp 25316 13468 "GET /base64/ HTTP/1.1" 200 11112
INFO 2025-07-16 23:35:03,713 basehttp 25316 13468 "GET /diff/ HTTP/1.1" 200 10937
INFO 2025-07-16 23:35:04,944 basehttp 25316 13468 "GET /timestamp/ HTTP/1.1" 200 9860
INFO 2025-07-16 23:35:06,664 basehttp 25316 13468 "GET /ipgen/ HTTP/1.1" 200 7682
INFO 2025-07-16 23:35:07,068 basehttp 25316 13468 "GET /password/ HTTP/1.1" 200 8030
INFO 2025-07-16 23:35:07,521 basehttp 25316 13468 "GET /uuid/ HTTP/1.1" 200 7892
INFO 2025-07-16 23:35:08,148 basehttp 25316 13468 "GET /unicode/ HTTP/1.1" 200 8082
INFO 2025-07-16 23:35:10,306 basehttp 25316 13468 "POST /unicode/ HTTP/1.1" 200 78
INFO 2025-07-16 23:35:11,596 basehttp 25316 13468 "POST /unicode/ HTTP/1.1" 200 54
INFO 2025-07-16 23:35:14,741 basehttp 25316 13468 "POST /unicode/ HTTP/1.1" 200 78
INFO 2025-07-16 23:35:17,016 basehttp 25316 13468 "POST /unicode/ HTTP/1.1" 200 78
INFO 2025-07-16 23:35:17,655 basehttp 25316 13468 "POST /unicode/ HTTP/1.1" 200 78
INFO 2025-07-16 23:35:17,836 basehttp 25316 13468 "POST /unicode/ HTTP/1.1" 200 78
INFO 2025-07-16 23:35:18,011 basehttp 25316 13468 "POST /unicode/ HTTP/1.1" 200 78
INFO 2025-07-16 23:35:27,313 basehttp 25316 13468 "POST /unicode/ HTTP/1.1" 200 319
INFO 2025-07-16 23:35:34,409 basehttp 25316 13468 "POST /unicode/ HTTP/1.1" 200 969
INFO 2025-07-16 23:36:21,056 basehttp 25316 13468 "POST /unicode/ HTTP/1.1" 200 969
INFO 2025-07-16 23:36:21,786 basehttp 25316 13468 "POST /unicode/ HTTP/1.1" 200 898
INFO 2025-07-16 23:36:22,694 basehttp 25316 13468 "POST /unicode/ HTTP/1.1" 200 969
INFO 2025-07-16 23:39:19,035 basehttp 25316 13468 "POST /unicode/ HTTP/1.1" 200 969
INFO 2025-07-16 23:39:20,858 basehttp 25316 13468 "POST /unicode/ HTTP/1.1" 200 898
INFO 2025-07-16 23:39:21,588 basehttp 25316 13468 "POST /unicode/ HTTP/1.1" 200 969
INFO 2025-07-16 23:39:31,856 autoreload 25316 4920 C:\Users\xaohii\projects\tool-sites\tools\views.py changed, reloading.
INFO 2025-07-16 23:39:32,269 autoreload 29496 10340 Watching for file changes with StatReloader
INFO 2025-07-16 23:39:32,549 autoreload 15820 40640 C:\Users\xaohii\projects\tool-sites\tools\views.py changed, reloading.
INFO 2025-07-16 23:39:32,875 autoreload 23740 36944 Watching for file changes with StatReloader
INFO 2025-07-16 23:42:18,267 basehttp 29496 29868 "POST /unicode/ HTTP/1.1" 200 969
INFO 2025-07-16 23:42:19,411 basehttp 29496 29868 "GET / HTTP/1.1" 200 8673
INFO 2025-07-16 23:42:20,189 basehttp 29496 29868 "GET / HTTP/1.1" 200 8673
INFO 2025-07-16 23:42:20,408 basehttp 29496 29868 "GET / HTTP/1.1" 200 8673
INFO 2025-07-16 23:42:20,594 basehttp 29496 29868 "GET / HTTP/1.1" 200 8673
INFO 2025-07-16 23:42:21,937 basehttp 29496 29868 "GET /base64/ HTTP/1.1" 200 11112
INFO 2025-07-16 23:42:23,940 basehttp 29496 29868 "GET /unicode/ HTTP/1.1" 200 11085
INFO 2025-07-16 23:42:26,811 basehttp 29496 29868 "POST /unicode/ HTTP/1.1" 200 78
INFO 2025-07-16 23:42:39,549 basehttp 29496 29868 "POST /unicode/ HTTP/1.1" 200 952
INFO 2025-07-16 23:42:46,226 basehttp 29496 29868 "POST /unicode/ HTTP/1.1" 200 1454
INFO 2025-07-16 23:42:58,981 basehttp 29496 29868 "POST /unicode/ HTTP/1.1" 200 1308
INFO 2025-07-16 23:43:00,231 basehttp 29496 29868 "POST /unicode/ HTTP/1.1" 200 1454
INFO 2025-07-16 23:43:03,988 basehttp 29496 29868 "GET /uuid/ HTTP/1.1" 200 7892
INFO 2025-07-16 23:43:05,677 basehttp 29496 29868 "POST /uuid/ HTTP/1.1" 200 76
INFO 2025-07-16 23:43:09,359 basehttp 29496 29868 "POST /uuid/ HTTP/1.1" 200 3840
